<?xml version="1.0" encoding="UTF-8"?>
<!-- Generated by org.testng.reporters.JUnitXMLReporter -->
<testsuite hostname="CHN-LT-050" ignored="0" name="AmazonTestFirefox" tests="1" failures="1" timestamp="23 Aug 2019 18:05:59 GMT" time="43.038" errors="0">
  <testcase name="search" time="21.189" classname="AmazonTest.Tests.BookSearchTest">
    <failure type="java.lang.IndexOutOfBoundsException" message="Index: 3, Size: 3">
      <![CDATA[java.lang.IndexOutOfBoundsException: Index: 3, Size: 3
at java.util.ArrayList.rangeCheck(ArrayList.java:657)
at java.util.ArrayList.get(ArrayList.java:433)
at org.openqa.selenium.support.pagefactory.internal.LocatingElementListHandler.invoke(LocatingElementListHandler.java:39)
at com.sun.proxy.$Proxy10.get(Unknown Source)
at AmazonTest.PageObjects.BookSearch.selectProductFromList(BookSearch.java:117)
at AmazonTest.Tests.BookSearchTest.search(BookSearchTest.java:49)
at java.util.concurrent.FutureTask.run(FutureTask.java:266)
at java.util.concurrent.ThreadPoolExecutor.runWorker(ThreadPoolExecutor.java:1149)
at java.util.concurrent.ThreadPoolExecutor$Worker.run(ThreadPoolExecutor.java:624)
at java.lang.Thread.run(Thread.java:748)
... Removed 20 stack frames]]>
    </failure>
  </testcase> <!-- search -->
</testsuite> <!-- AmazonTestFirefox -->
