<?xml version="1.0" encoding="UTF-8"?>
<testsuite xmlns:xsi="http://www.w3.org/2001/XMLSchema-instance" xsi:noNamespaceSchemaLocation="https://maven.apache.org/surefire/maven-surefire-plugin/xsd/surefire-test-report.xsd" name="TestSuite" time="15.898" tests="6" errors="0" skipped="0" failures="0">
  <properties>
[...]
</properties>
  <testcase name="createUser" classname="API_Test.Tests.GogoTest" time="7.432"/>
  <testcase name="getUser" classname="API_Test.Tests.GogoTest" time="2.547"/>
  <testcase name="createExistingUser" classname="API_Test.Tests.GogoTest" time="1.676"/>
  <testcase name="createUserInvalidToken" classname="API_Test.Tests.GogoTest" time="0.695"/>
  <testcase name="createUserInvalidEmail" classname="API_Test.Tests.GogoTest" time="1.063"/>
  <testcase name="createUserNoEmail" classname="API_Test.Tests.GogoTest" time="1.062"/>
</testsuite>