<?xml version="1.0" encoding="UTF-8"?>
<testng-results skipped="0" failed="1" ignored="0" total="2" passed="1">
  <reporter-output>
  </reporter-output>
  <suite name="Suite" duration-ms="50055" started-at="2019-08-23T18:05:16Z" finished-at="2019-08-23T18:06:06Z">
    <groups>
    </groups>
    <test name="AmazonTestFirefox" duration-ms="43038" started-at="2019-08-23T18:05:16Z" finished-at="2019-08-23T18:05:59Z">
      <class name="AmazonTest.Tests.BookSearchTest">
        <test-method status="PASS" signature="beforeTest(java.lang.String, java.lang.String, org.testng.ITestContext)[pri:0, instance:AmazonTest.Tests.BookSearchTest@783e6358]" name="beforeTest" is-config="true" duration-ms="19456" started-at="2019-08-23T18:05:16Z" finished-at="2019-08-23T18:05:36Z">
          <params>
            <param index="0">
              <value>
                <![CDATA[https://www.amazon.com]]>
              </value>
            </param>
            <param index="1">
              <value>
                <![CDATA[firefox]]>
              </value>
            </param>
            <param index="2">
              <value>
                <![CDATA[org.testng.TestRunner@300f3414]]>
              </value>
            </param>
          </params>
          <reporter-output>
          </reporter-output>
        </test-method> <!-- beforeTest -->
        <test-method status="FAIL" signature="search(java.lang.String, java.lang.String, java.lang.String, int, org.testng.ITestContext)[pri:0, instance:AmazonTest.Tests.BookSearchTest@783e6358]" name="search" duration-ms="21189" started-at="2019-08-23T18:05:36Z" finished-at="2019-08-23T18:05:57Z">
          <params>
            <param index="0">
              <value>
                <![CDATA[Books]]>
              </value>
            </param>
            <param index="1">
              <value>
                <![CDATA[data]]>
              </value>
            </param>
            <param index="2">
              <value>
                <![CDATA[Other Sellers]]>
              </value>
            </param>
            <param index="3">
              <value>
                <![CDATA[4]]>
              </value>
            </param>
            <param index="4">
              <value>
                <![CDATA[org.testng.TestRunner@300f3414]]>
              </value>
            </param>
          </params>
          <exception class="java.lang.IndexOutOfBoundsException">
            <message>
              <![CDATA[Index: 3, Size: 3]]>
            </message>
            <full-stacktrace>
              <![CDATA[java.lang.IndexOutOfBoundsException: Index: 3, Size: 3
at java.util.ArrayList.rangeCheck(ArrayList.java:657)
at java.util.ArrayList.get(ArrayList.java:433)
at sun.reflect.NativeMethodAccessorImpl.invoke0(Native Method)
at sun.reflect.NativeMethodAccessorImpl.invoke(NativeMethodAccessorImpl.java:62)
at sun.reflect.DelegatingMethodAccessorImpl.invoke(DelegatingMethodAccessorImpl.java:43)
at java.lang.reflect.Method.invoke(Method.java:498)
at org.openqa.selenium.support.pagefactory.internal.LocatingElementListHandler.invoke(LocatingElementListHandler.java:39)
at com.sun.proxy.$Proxy10.get(Unknown Source)
at AmazonTest.PageObjects.BookSearch.selectProductFromList(BookSearch.java:117)
at AmazonTest.Tests.BookSearchTest.search(BookSearchTest.java:49)
at sun.reflect.NativeMethodAccessorImpl.invoke0(Native Method)
at sun.reflect.NativeMethodAccessorImpl.invoke(NativeMethodAccessorImpl.java:62)
at sun.reflect.DelegatingMethodAccessorImpl.invoke(DelegatingMethodAccessorImpl.java:43)
at java.lang.reflect.Method.invoke(Method.java:498)
at org.testng.internal.MethodInvocationHelper.invokeMethod(MethodInvocationHelper.java:124)
at org.testng.internal.Invoker.invokeMethod(Invoker.java:583)
at org.testng.internal.Invoker.invokeTestMethod(Invoker.java:719)
at org.testng.internal.Invoker.invokeTestMethods(Invoker.java:989)
at org.testng.internal.TestMethodWorker.invokeTestMethods(TestMethodWorker.java:125)
at org.testng.internal.TestMethodWorker.run(TestMethodWorker.java:109)
at org.testng.TestRunner.privateRun(TestRunner.java:648)
at org.testng.TestRunner.run(TestRunner.java:505)
at org.testng.SuiteRunner.runTest(SuiteRunner.java:455)
at org.testng.SuiteRunner.access$000(SuiteRunner.java:40)
at org.testng.SuiteRunner$SuiteWorker.run(SuiteRunner.java:489)
at org.testng.internal.thread.ThreadUtil$1.call(ThreadUtil.java:52)
at java.util.concurrent.FutureTask.run(FutureTask.java:266)
at java.util.concurrent.ThreadPoolExecutor.runWorker(ThreadPoolExecutor.java:1149)
at java.util.concurrent.ThreadPoolExecutor$Worker.run(ThreadPoolExecutor.java:624)
at java.lang.Thread.run(Thread.java:748)
]]>
            </full-stacktrace>
          </exception> <!-- java.lang.IndexOutOfBoundsException -->
          <reporter-output>
          </reporter-output>
        </test-method> <!-- search -->
        <test-method status="PASS" signature="afterTest()[pri:0, instance:AmazonTest.Tests.BookSearchTest@783e6358]" name="afterTest" is-config="true" duration-ms="2013" started-at="2019-08-23T18:05:57Z" finished-at="2019-08-23T18:05:59Z">
          <reporter-output>
          </reporter-output>
        </test-method> <!-- afterTest -->
      </class> <!-- AmazonTest.Tests.BookSearchTest -->
    </test> <!-- AmazonTestFirefox -->
    <test name="AmazonTestChrome" duration-ms="50055" started-at="2019-08-23T18:05:16Z" finished-at="2019-08-23T18:06:06Z">
      <class name="AmazonTest.Tests.BookSearchTest">
        <test-method status="PASS" signature="beforeTest(java.lang.String, java.lang.String, org.testng.ITestContext)[pri:0, instance:AmazonTest.Tests.BookSearchTest@366e2eef]" name="beforeTest" is-config="true" duration-ms="14514" started-at="2019-08-23T18:05:16Z" finished-at="2019-08-23T18:05:31Z">
          <params>
            <param index="0">
              <value>
                <![CDATA[https://www.amazon.com]]>
              </value>
            </param>
            <param index="1">
              <value>
                <![CDATA[chrome]]>
              </value>
            </param>
            <param index="2">
              <value>
                <![CDATA[org.testng.TestRunner@7fa4484]]>
              </value>
            </param>
          </params>
          <reporter-output>
          </reporter-output>
        </test-method> <!-- beforeTest -->
        <test-method status="PASS" signature="search(java.lang.String, java.lang.String, java.lang.String, int, org.testng.ITestContext)[pri:0, instance:AmazonTest.Tests.BookSearchTest@366e2eef]" name="search" duration-ms="33936" started-at="2019-08-23T18:05:31Z" finished-at="2019-08-23T18:06:05Z">
          <params>
            <param index="0">
              <value>
                <![CDATA[Books]]>
              </value>
            </param>
            <param index="1">
              <value>
                <![CDATA[data]]>
              </value>
            </param>
            <param index="2">
              <value>
                <![CDATA[Other Sellers]]>
              </value>
            </param>
            <param index="3">
              <value>
                <![CDATA[4]]>
              </value>
            </param>
            <param index="4">
              <value>
                <![CDATA[org.testng.TestRunner@7fa4484]]>
              </value>
            </param>
          </params>
          <reporter-output>
          </reporter-output>
        </test-method> <!-- search -->
        <test-method status="PASS" signature="afterTest()[pri:0, instance:AmazonTest.Tests.BookSearchTest@366e2eef]" name="afterTest" is-config="true" duration-ms="876" started-at="2019-08-23T18:06:05Z" finished-at="2019-08-23T18:06:06Z">
          <reporter-output>
          </reporter-output>
        </test-method> <!-- afterTest -->
      </class> <!-- AmazonTest.Tests.BookSearchTest -->
    </test> <!-- AmazonTestChrome -->
  </suite> <!-- Suite -->
</testng-results>
