-------------------------------------------------------------------------------
Test set: TestSuite
-------------------------------------------------------------------------------
Tests run: 2, Failures: 1, Errors: 0, Skipped: 0, Time elapsed: 51.209 s <<< FAILURE! - in TestSuite
search(AmazonTest.Tests.BookSearchTest)  Time elapsed: 21.206 s  <<< FAILURE!
java.lang.IndexOutOfBoundsException: Index: 3, Size: 3
	at AmazonTest.Tests.BookSearchTest.search(BookSearchTest.java:49)

