<?xml version="1.0" encoding="UTF-8"?>
<testsuite xmlns:xsi="http://www.w3.org/2001/XMLSchema-instance" xsi:noNamespaceSchemaLocation="https://maven.apache.org/surefire/maven-surefire-plugin/xsd/surefire-test-report.xsd" name="TestSuite" time="51.209" tests="2" errors="0" skipped="0" failures="1">
  <properties>
[...]
</properties>
  <testcase name="search" classname="AmazonTest.Tests.BookSearchTest" time="21.206">
    <failure message="Index: 3, Size: 3" type="java.lang.IndexOutOfBoundsException">java.lang.IndexOutOfBoundsException: Index: 3, Size: 3
	at AmazonTest.Tests.BookSearchTest.search(BookSearchTest.java:49)
</failure>
    <system-out><![CDATA[Test Started: search
Test Started: search
]]></system-out>
    <system-err><![CDATA[Starting ChromeDriver 2.39.562718 (9a2698cba08cf5a471a29d30c8b3e12becabb0e9) on port 7065
Only local connections are allowed.
1566583519077	mozrunner::runner	INFO	Running command: "C:\\Program Files\\Mozilla Firefox\\firefox.exe" "-marionette" "-foreground" "-no-remote" "-profile" "C:\\Users\\INVCH015\\AppData\\Local\\Temp\\rust_mozprofile.5RWVa9D6bGoU"
Aug 23, 2019 11:35:22 PM org.openqa.selenium.remote.ProtocolHandshake createSession
INFO: Detected dialect: OSS
1566583526799	Marionette	INFO	Listening on port 52838
1566583526949	Marionette	WARN	TLS certificate errors will be ignored for this session
Aug 23, 2019 11:35:27 PM org.openqa.selenium.remote.ProtocolHandshake createSession
INFO: Detected dialect: W3C
]]></system-err>
  </testcase>
  <testcase name="search" classname="AmazonTest.Tests.BookSearchTest" time="29.007"/>
</testsuite>